[ADAS] 전방 충돌 감지 센서 초기화
[ADAS] 사각지대 레이더 초기화
[ADAS] collision_avoidance: 전방 거리 측정 중...
[ADAS] blind_spot_detection: 측면 감지 중...
[ADAS] collision_avoidance: 전방 거리 측정 중...
[ADAS] blind_spot_detection: 측면 감지 중...
[ADAS] collision_avoidance: 전방 거리 측정 중...
[ADAS] blind_spot_detection: 측면 감지 중...
[ADAS] collision_avoidance: 전방 거리 측정 중...
[ADAS] blind_spot_detection: 측면 감지 중...
[ADAS] collision_avoidance: 전방 거리 측정 중...
[ADAS] blind_spot_detection: 측면 감지 중...
[ADAS] collision_avoidance: 전방 거리 측정 중...
[ADAS] blind_spot_detection: 측면 감지 중...
[ADAS] collision_avoidance: 전방 거리 측정 중...
[ADAS] blind_spot_detection: 측면 감지 중...
[ADAS] collision_avoidance: 전방 거리 측정 중...
[ADAS] blind_spot_detection: 측면 감지 중...
[ADAS] collision_avoidance: 전방 거리 측정 중...
[ADAS] blind_spot_detection: 측면 감지 중...
[ADAS] collision_avoidance: 전방 거리 측정 중...
[ADAS] blind_spot_detection: 측면 감지 중...
[ADAS] collision_avoidance: 전방 거리 측정 중...
[ADAS] blind_spot_detection: 측면 감지 중...
[ADAS] collision_avoidance: 전방 거리 측정 중...
[ADAS] blind_spot_detection: 측면 감지 중...
[ADAS] collision_avoidance: 전방 거리 측정 중...
[ADAS] blind_spot_detection: 측면 감지 중...
[ADAS] collision_avoidance: 전방 거리 측정 중...
[ADAS] blind_spot_detection: 측면 감지 중...
[ADAS] collision_avoidance: 전방 거리 측정 중...
[ADAS] blind_spot_detection: 측면 감지 중...
[ADAS] collision_avoidance: 전방 거리 측정 중...
[ADAS] blind_spot_detection: 측면 감지 중...
[ADAS] collision_avoidance: 전방 거리 측정 중...
[ADAS] blind_spot_detection: 측면 감지 중...
[ADAS] collision_avoidance: 전방 거리 측정 중...
[ADAS] blind_spot_detection: 측면 감지 중...
[ADAS] collision_avoidance: 전방 거리 측정 중...
[ADAS] blind_spot_detection: 측면 감지 중...
[ADAS] collision_avoidance: 전방 거리 측정 중...
[ADAS] blind_spot_detection: 측면 감지 중...
[ADAS] collision_avoidance: 전방 거리 측정 중...
[ADAS] blind_spot_detection: 측면 감지 중...
[ADAS] collision_avoidance: 전방 거리 측정 중...
[ADAS] blind_spot_detection: 측면 감지 중...
[ADAS] collision_avoidance: 전방 거리 측정 중...
[ADAS] blind_spot_detection: 측면 감지 중...
[ADAS] collision_avoidance: 전방 거리 측정 중...
[ADAS] blind_spot_detection: 측면 감지 중...
[ADAS] collision_avoidance: 전방 거리 측정 중...
[ADAS] blind_spot_detection: 측면 감지 중...
[ADAS] collision_avoidance: 전방 거리 측정 중...
[ADAS] blind_spot_detection: 측면 감지 중...
[ADAS] collision_avoidance: 전방 거리 측정 중...
[ADAS] blind_spot_detection: 측면 감지 중...
[ADAS] collision_avoidance: 전방 거리 측정 중...
[ADAS] blind_spot_detection: 측면 감지 중...
[ADAS] collision_avoidance: 전방 거리 측정 중...
[ADAS] blind_spot_detection: 측면 감지 중...
[ADAS] collision_avoidance: 전방 거리 측정 중...
[ADAS] blind_spot_detection: 측면 감지 중...
[ADAS] collision_avoidance: 전방 거리 측정 중...
[ADAS] blind_spot_detection: 측면 감지 중...
[ADAS] collision_avoidance: 전방 거리 측정 중...
[ADAS] blind_spot_detection: 측면 감지 중...
[ADAS] collision_avoidance: 전방 거리 측정 중...
[ADAS] blind_spot_detection: 측면 감지 중...
[ADAS] collision_avoidance: 전방 거리 측정 중...
[ADAS] blind_spot_detection: 측면 감지 중...
[ADAS] collision_avoidance: 전방 거리 측정 중...
[ADAS] blind_spot_detection: 측면 감지 중...
[ADAS] collision_avoidance: 전방 거리 측정 중...
[ADAS] blind_spot_detection: 측면 감지 중...
[ADAS] collision_avoidance: 전방 거리 측정 중...
[ADAS] blind_spot_detection: 측면 감지 중...
[ADAS] collision_avoidance: 전방 거리 측정 중...
[ADAS] blind_spot_detection: 측면 감지 중...
[ADAS] collision_avoidance: 전방 거리 측정 중...
[ADAS] blind_spot_detection: 측면 감지 중...
[ADAS] collision_avoidance: 전방 거리 측정 중...
[ADAS] blind_spot_detection: 측면 감지 중...
[ADAS] collision_avoidance: 전방 거리 측정 중...
[ADAS] blind_spot_detection: 측면 감지 중...
[ADAS] collision_avoidance: 전방 거리 측정 중...
[ADAS] blind_spot_detection: 측면 감지 중...
[ADAS] collision_avoidance: 전방 거리 측정 중...
[ADAS] blind_spot_detection: 측면 감지 중...
[ADAS] collision_avoidance: 전방 거리 측정 중...
[ADAS] blind_spot_detection: 측면 감지 중...
[ADAS] collision_avoidance: 전방 거리 측정 중...
[ADAS] blind_spot_detection: 측면 감지 중...
[ADAS] collision_avoidance: 전방 거리 측정 중...
[ADAS] blind_spot_detection: 측면 감지 중...
[ADAS] collision_avoidance: 전방 거리 측정 중...
[ADAS] blind_spot_detection: 측면 감지 중...
[ADAS] collision_avoidance: 전방 거리 측정 중...
[ADAS] blind_spot_detection: 측면 감지 중...
[ADAS] collision_avoidance: 전방 거리 측정 중...
[ADAS] blind_spot_detection: 측면 감지 중...
[ADAS] collision_avoidance: 전방 거리 측정 중...
[ADAS] blind_spot_detection: 측면 감지 중...
[ADAS] collision_avoidance: 전방 거리 측정 중...
[ADAS] blind_spot_detection: 측면 감지 중...
[ADAS] collision_avoidance: 전방 거리 측정 중...
[ADAS] blind_spot_detection: 측면 감지 중...
[ADAS] collision_avoidance: 전방 거리 측정 중...
[ADAS] blind_spot_detection: 측면 감지 중...
[ADAS] collision_avoidance: 전방 거리 측정 중...
[ADAS] blind_spot_detection: 측면 감지 중...
[ADAS] collision_avoidance: 전방 거리 측정 중...
[ADAS] blind_spot_detection: 측면 감지 중...
[ADAS] collision_avoidance: 전방 거리 측정 중...
[ADAS] blind_spot_detection: 측면 감지 중...
[ADAS] collision_avoidance: 전방 거리 측정 중...
[ADAS] blind_spot_detection: 측면 감지 중...
[ADAS] collision_avoidance: 전방 거리 측정 중...
[ADAS] blind_spot_detection: 측면 감지 중...
[ADAS] collision_avoidance: 전방 거리 측정 중...
[ADAS] blind_spot_detection: 측면 감지 중...
[ADAS] collision_avoidance: 전방 거리 측정 중...
[ADAS] blind_spot_detection: 측면 감지 중...
[ADAS] collision_avoidance: 전방 거리 측정 중...
[ADAS] blind_spot_detection: 측면 감지 중...
[ADAS] collision_avoidance: 전방 거리 측정 중...
[ADAS] blind_spot_detection: 측면 감지 중...
[ADAS] collision_avoidance: 전방 거리 측정 중...
[ADAS] blind_spot_detection: 측면 감지 중...
[ADAS] collision_avoidance: 전방 거리 측정 중...
[ADAS] blind_spot_detection: 측면 감지 중...
[ADAS] collision_avoidance: 전방 거리 측정 중...
[ADAS] blind_spot_detection: 측면 감지 중...
[ADAS] collision_avoidance: 전방 거리 측정 중...
[ADAS] blind_spot_detection: 측면 감지 중...
[ADAS] collision_avoidance: 전방 거리 측정 중...
[ADAS] blind_spot_detection: 측면 감지 중...
[ADAS] collision_avoidance: 전방 거리 측정 중...
[ADAS] blind_spot_detection: 측면 감지 중...
[ADAS] collision_avoidance: 전방 거리 측정 중...
[ADAS] blind_spot_detection: 측면 감지 중...
[ADAS] collision_avoidance: 전방 거리 측정 중...
[ADAS] blind_spot_detection: 측면 감지 중...
[ADAS] collision_avoidance: 전방 거리 측정 중...
[ADAS] blind_spot_detection: 측면 감지 중...
[ADAS] collision_avoidance: 전방 거리 측정 중...
[ADAS] blind_spot_detection: 측면 감지 중...
[ADAS] collision_avoidance: 전방 거리 측정 중...
[ADAS] blind_spot_detection: 측면 감지 중...
[ADAS] collision_avoidance: 전방 거리 측정 중...
[ADAS] blind_spot_detection: 측면 감지 중...
[ADAS] collision_avoidance: 전방 거리 측정 중...
[ADAS] blind_spot_detection: 측면 감지 중...
[ADAS] collision_avoidance: 전방 거리 측정 중...
[ADAS] blind_spot_detection: 측면 감지 중...
[ADAS] collision_avoidance: 전방 거리 측정 중...
[ADAS] blind_spot_detection: 측면 감지 중...
[ADAS] collision_avoidance: 전방 거리 측정 중...
[ADAS] blind_spot_detection: 측면 감지 중...
[ADAS] collision_avoidance: 전방 거리 측정 중...
[ADAS] blind_spot_detection: 측면 감지 중...
[ADAS] collision_avoidance: 전방 거리 측정 중...
[ADAS] blind_spot_detection: 측면 감지 중...
[ADAS] collision_avoidance: 전방 거리 측정 중...
[ADAS] blind_spot_detection: 측면 감지 중...
[ADAS] collision_avoidance: 전방 거리 측정 중...
[ADAS] blind_spot_detection: 측면 감지 중...
[ADAS] collision_avoidance: 전방 거리 측정 중...
[ADAS] blind_spot_detection: 측면 감지 중...
[ADAS] collision_avoidance: 전방 거리 측정 중...
[ADAS] blind_spot_detection: 측면 감지 중...
[ADAS] collision_avoidance: 전방 거리 측정 중...
[ADAS] blind_spot_detection: 측면 감지 중...
[ADAS] collision_avoidance: 전방 거리 측정 중...
[ADAS] blind_spot_detection: 측면 감지 중...
[ADAS] collision_avoidance: 전방 거리 측정 중...
[ADAS] blind_spot_detection: 측면 감지 중...
[ADAS] collision_avoidance: 전방 거리 측정 중...
[ADAS] blind_spot_detection: 측면 감지 중...
[ADAS] collision_avoidance: 전방 거리 측정 중...
[ADAS] blind_spot_detection: 측면 감지 중...
[ADAS] collision_avoidance: 전방 거리 측정 중...
[ADAS] blind_spot_detection: 측면 감지 중...
[ADAS] collision_avoidance: 전방 거리 측정 중...
[ADAS] blind_spot_detection: 측면 감지 중...
[ADAS] collision_avoidance: 전방 거리 측정 중...
[ADAS] blind_spot_detection: 측면 감지 중...
[ADAS] collision_avoidance: 센서 전원 차단
[ADAS] blind_spot_detection: 레이더 전원 차단
